<?xml version="1.0" encoding="UTF-8"?>
<coverage generated="1747238257">
  <project timestamp="1747238257">
    <package name="App\Http\Controllers">
      <file name="/var/www/html/test-api-to-do-list/app/Http/Controllers/AuthController.php">
        <class name="App\Http\Controllers\AuthController" namespace="App\Http\Controllers">
          <metrics complexity="6" methods="4" coveredmethods="4" conditionals="0" coveredconditionals="0" statements="24" coveredstatements="24" elements="28" coveredelements="28"/>
        </class>
        <line num="13" type="method" name="register" visibility="public" complexity="1" crap="1" count="1"/>
        <line num="15" type="stmt" count="1"/>
        <line num="17" type="stmt" count="1"/>
        <line num="18" type="stmt" count="1"/>
        <line num="19" type="stmt" count="1"/>
        <line num="20" type="stmt" count="1"/>
        <line num="21" type="stmt" count="1"/>
        <line num="23" type="stmt" count="1"/>
        <line num="25" type="stmt" count="1"/>
        <line num="26" type="stmt" count="1"/>
        <line num="27" type="stmt" count="1"/>
        <line num="28" type="stmt" count="1"/>
        <line num="31" type="method" name="login" visibility="public" complexity="3" crap="3" count="4"/>
        <line num="33" type="stmt" count="4"/>
        <line num="35" type="stmt" count="4"/>
        <line num="37" type="stmt" count="4"/>
        <line num="38" type="stmt" count="1"/>
        <line num="41" type="stmt" count="3"/>
        <line num="43" type="stmt" count="3"/>
        <line num="44" type="stmt" count="3"/>
        <line num="45" type="stmt" count="3"/>
        <line num="46" type="stmt" count="3"/>
        <line num="49" type="method" name="logout" visibility="public" complexity="1" crap="1" count="1"/>
        <line num="51" type="stmt" count="1"/>
        <line num="53" type="stmt" count="1"/>
        <line num="56" type="method" name="logoutAll" visibility="public" complexity="1" crap="1" count="1"/>
        <line num="58" type="stmt" count="1"/>
        <line num="60" type="stmt" count="1"/>
        <metrics loc="63" ncloc="63" classes="1" methods="4" coveredmethods="4" conditionals="0" coveredconditionals="0" statements="24" coveredstatements="24" elements="28" coveredelements="28"/>
      </file>
      <file name="/var/www/html/test-api-to-do-list/app/Http/Controllers/Controller.php">
        <class name="App\Http\Controllers\Controller" namespace="App\Http\Controllers">
          <metrics complexity="0" methods="0" coveredmethods="0" conditionals="0" coveredconditionals="0" statements="0" coveredstatements="0" elements="0" coveredelements="0"/>
        </class>
        <metrics loc="9" ncloc="8" classes="0" methods="0" coveredmethods="0" conditionals="0" coveredconditionals="0" statements="0" coveredstatements="0" elements="0" coveredelements="0"/>
      </file>
      <file name="/var/www/html/test-api-to-do-list/app/Http/Controllers/TaskController.php">
        <class name="App\Http\Controllers\TaskController" namespace="App\Http\Controllers">
          <metrics complexity="5" methods="5" coveredmethods="0" conditionals="0" coveredconditionals="0" statements="19" coveredstatements="0" elements="24" coveredelements="0"/>
        </class>
        <line num="14" type="method" name="index" visibility="public" complexity="1" crap="2" count="0"/>
        <line num="16" type="stmt" count="0"/>
        <line num="17" type="stmt" count="0"/>
        <line num="23" type="method" name="store" visibility="public" complexity="1" crap="2" count="0"/>
        <line num="25" type="stmt" count="0"/>
        <line num="26" type="stmt" count="0"/>
        <line num="27" type="stmt" count="0"/>
        <line num="28" type="stmt" count="0"/>
        <line num="29" type="stmt" count="0"/>
        <line num="30" type="stmt" count="0"/>
        <line num="31" type="stmt" count="0"/>
        <line num="37" type="method" name="show" visibility="public" complexity="1" crap="2" count="0"/>
        <line num="39" type="stmt" count="0"/>
        <line num="45" type="method" name="update" visibility="public" complexity="1" crap="2" count="0"/>
        <line num="47" type="stmt" count="0"/>
        <line num="48" type="stmt" count="0"/>
        <line num="49" type="stmt" count="0"/>
        <line num="50" type="stmt" count="0"/>
        <line num="51" type="stmt" count="0"/>
        <line num="52" type="stmt" count="0"/>
        <line num="53" type="stmt" count="0"/>
        <line num="59" type="method" name="destroy" visibility="public" complexity="1" crap="2" count="0"/>
        <line num="61" type="stmt" count="0"/>
        <line num="63" type="stmt" count="0"/>
        <metrics loc="66" ncloc="51" classes="1" methods="5" coveredmethods="0" conditionals="0" coveredconditionals="0" statements="19" coveredstatements="0" elements="24" coveredelements="0"/>
      </file>
    </package>
    <package name="App\Http\Middleware">
      <file name="/var/www/html/test-api-to-do-list/app/Http/Middleware/ApiResponseMiddleware.php">
        <class name="App\Http\Middleware\ApiResponseMiddleware" namespace="App\Http\Middleware">
          <metrics complexity="1" methods="1" coveredmethods="1" conditionals="0" coveredconditionals="0" statements="2" coveredstatements="2" elements="3" coveredelements="3"/>
        </class>
        <line num="18" type="method" name="handle" visibility="public" complexity="1" crap="1" count="5"/>
        <line num="20" type="stmt" count="5"/>
        <line num="21" type="stmt" count="5"/>
        <metrics loc="24" ncloc="17" classes="1" methods="1" coveredmethods="1" conditionals="0" coveredconditionals="0" statements="2" coveredstatements="2" elements="3" coveredelements="3"/>
      </file>
    </package>
    <package name="App\Http\Requests\Auth">
      <file name="/var/www/html/test-api-to-do-list/app/Http/Requests/Auth/LoginRequest.php">
        <class name="App\Http\Requests\Auth\LoginRequest" namespace="App\Http\Requests\Auth">
          <metrics complexity="3" methods="3" coveredmethods="2" conditionals="0" coveredconditionals="0" statements="12" coveredstatements="5" elements="15" coveredelements="7"/>
        </class>
        <line num="15" type="method" name="authorize" visibility="public" complexity="1" crap="1" count="4"/>
        <line num="17" type="stmt" count="4"/>
        <line num="25" type="method" name="rules" visibility="public" complexity="1" crap="1" count="4"/>
        <line num="27" type="stmt" count="4"/>
        <line num="28" type="stmt" count="4"/>
        <line num="29" type="stmt" count="4"/>
        <line num="30" type="stmt" count="4"/>
        <line num="33" type="method" name="failedValidation" visibility="protected" complexity="1" crap="2" count="0"/>
        <line num="35" type="stmt" count="0"/>
        <line num="36" type="stmt" count="0"/>
        <line num="37" type="stmt" count="0"/>
        <line num="38" type="stmt" count="0"/>
        <line num="39" type="stmt" count="0"/>
        <line num="40" type="stmt" count="0"/>
        <line num="41" type="stmt" count="0"/>
        <metrics loc="44" ncloc="36" classes="1" methods="3" coveredmethods="2" conditionals="0" coveredconditionals="0" statements="12" coveredstatements="5" elements="15" coveredelements="7"/>
      </file>
      <file name="/var/www/html/test-api-to-do-list/app/Http/Requests/Auth/RegisterRequest.php">
        <class name="App\Http\Requests\Auth\RegisterRequest" namespace="App\Http\Requests\Auth">
          <metrics complexity="3" methods="3" coveredmethods="2" conditionals="0" coveredconditionals="0" statements="13" coveredstatements="6" elements="16" coveredelements="8"/>
        </class>
        <line num="15" type="method" name="authorize" visibility="public" complexity="1" crap="1" count="1"/>
        <line num="17" type="stmt" count="1"/>
        <line num="25" type="method" name="rules" visibility="public" complexity="1" crap="1" count="1"/>
        <line num="27" type="stmt" count="1"/>
        <line num="28" type="stmt" count="1"/>
        <line num="29" type="stmt" count="1"/>
        <line num="30" type="stmt" count="1"/>
        <line num="31" type="stmt" count="1"/>
        <line num="34" type="method" name="failedValidation" visibility="protected" complexity="1" crap="2" count="0"/>
        <line num="36" type="stmt" count="0"/>
        <line num="37" type="stmt" count="0"/>
        <line num="38" type="stmt" count="0"/>
        <line num="39" type="stmt" count="0"/>
        <line num="40" type="stmt" count="0"/>
        <line num="41" type="stmt" count="0"/>
        <line num="42" type="stmt" count="0"/>
        <metrics loc="45" ncloc="37" classes="1" methods="3" coveredmethods="2" conditionals="0" coveredconditionals="0" statements="13" coveredstatements="6" elements="16" coveredelements="8"/>
      </file>
    </package>
    <package name="App\Http\Requests">
      <file name="/var/www/html/test-api-to-do-list/app/Http/Requests/TaskRequest.php">
        <class name="App\Http\Requests\TaskRequest" namespace="App\Http\Requests">
          <metrics complexity="3" methods="3" coveredmethods="0" conditionals="0" coveredconditionals="0" statements="13" coveredstatements="0" elements="16" coveredelements="0"/>
        </class>
        <line num="14" type="method" name="authorize" visibility="public" complexity="1" crap="2" count="0"/>
        <line num="16" type="stmt" count="0"/>
        <line num="24" type="method" name="rules" visibility="public" complexity="1" crap="2" count="0"/>
        <line num="26" type="stmt" count="0"/>
        <line num="27" type="stmt" count="0"/>
        <line num="28" type="stmt" count="0"/>
        <line num="29" type="stmt" count="0"/>
        <line num="30" type="stmt" count="0"/>
        <line num="33" type="method" name="failedValidation" visibility="protected" complexity="1" crap="2" count="0"/>
        <line num="35" type="stmt" count="0"/>
        <line num="36" type="stmt" count="0"/>
        <line num="37" type="stmt" count="0"/>
        <line num="38" type="stmt" count="0"/>
        <line num="39" type="stmt" count="0"/>
        <line num="40" type="stmt" count="0"/>
        <line num="41" type="stmt" count="0"/>
        <metrics loc="44" ncloc="36" classes="1" methods="3" coveredmethods="0" conditionals="0" coveredconditionals="0" statements="13" coveredstatements="0" elements="16" coveredelements="0"/>
      </file>
    </package>
    <package name="App\Models">
      <file name="/var/www/html/test-api-to-do-list/app/Models/Task.php">
        <class name="App\Models\Task" namespace="App\Models">
          <metrics complexity="0" methods="0" coveredmethods="0" conditionals="0" coveredconditionals="0" statements="0" coveredstatements="0" elements="0" coveredelements="0"/>
        </class>
        <metrics loc="15" ncloc="15" classes="0" methods="0" coveredmethods="0" conditionals="0" coveredconditionals="0" statements="0" coveredstatements="0" elements="0" coveredelements="0"/>
      </file>
      <file name="/var/www/html/test-api-to-do-list/app/Models/User.php">
        <class name="App\Models\User" namespace="App\Models">
          <metrics complexity="1" methods="1" coveredmethods="1" conditionals="0" coveredconditionals="0" statements="4" coveredstatements="4" elements="5" coveredelements="5"/>
        </class>
        <line num="44" type="method" name="casts" visibility="protected" complexity="1" crap="1" count="5"/>
        <line num="46" type="stmt" count="5"/>
        <line num="47" type="stmt" count="5"/>
        <line num="48" type="stmt" count="5"/>
        <line num="49" type="stmt" count="5"/>
        <metrics loc="52" ncloc="35" classes="1" methods="1" coveredmethods="1" conditionals="0" coveredconditionals="0" statements="4" coveredstatements="4" elements="5" coveredelements="5"/>
      </file>
    </package>
    <package name="App\Providers">
      <file name="/var/www/html/test-api-to-do-list/app/Providers/AppServiceProvider.php">
        <class name="App\Providers\AppServiceProvider" namespace="App\Providers">
          <metrics complexity="2" methods="2" coveredmethods="2" conditionals="0" coveredconditionals="0" statements="2" coveredstatements="2" elements="4" coveredelements="4"/>
        </class>
        <line num="12" type="method" name="register" visibility="public" complexity="1" crap="1" count="5"/>
        <line num="15" type="stmt" count="5"/>
        <line num="20" type="method" name="boot" visibility="public" complexity="1" crap="1" count="5"/>
        <line num="23" type="stmt" count="5"/>
        <metrics loc="25" ncloc="17" classes="1" methods="2" coveredmethods="2" conditionals="0" coveredconditionals="0" statements="2" coveredstatements="2" elements="4" coveredelements="4"/>
      </file>
    </package>
    <metrics files="10" loc="387" ncloc="315" classes="8" methods="22" coveredmethods="12" conditionals="0" coveredconditionals="0" statements="89" coveredstatements="43" elements="111" coveredelements="55"/>
  </project>
</coverage>
